0 info it worked if it ends with ok
1 verbose cli [ 'node', '/usr/local/bin/npm', 'publish' ]
2 info using npm@2.1.18
3 info using node@v0.10.33
4 verbose publish [ '.' ]
5 silly cache add args [ '.', null ]
6 verbose cache add spec .
7 silly cache add parsed spec { raw: '.',
7 silly cache add   scope: null,
7 silly cache add   name: null,
7 silly cache add   rawSpec: '.',
7 silly cache add   spec: '/Users/gx/Development/node-startinfo',
7 silly cache add   type: 'directory' }
8 verbose addLocalDirectory /Users/gx/.npm/node-startinfo/0.0.3/package.tgz not in flight; packing
9 verbose tar pack [ '/Users/gx/.npm/node-startinfo/0.0.3/package.tgz',
9 verbose tar pack   '/Users/gx/Development/node-startinfo' ]
10 verbose tarball /Users/gx/.npm/node-startinfo/0.0.3/package.tgz
11 verbose folder /Users/gx/Development/node-startinfo
12 info prepublish node-startinfo@0.0.3
13 verbose addLocalTarball adding from inside cache /Users/gx/.npm/node-startinfo/0.0.3/package.tgz
14 silly cache afterAdd node-startinfo@0.0.3
15 verbose afterAdd /Users/gx/.npm/node-startinfo/0.0.3/package/package.json not in flight; writing
16 verbose afterAdd /Users/gx/.npm/node-startinfo/0.0.3/package/package.json written
17 silly publish { name: 'node-startinfo',
17 silly publish   description: 'Useful info when starting project',
17 silly publish   version: '0.0.3',
17 silly publish   author: { name: 'Giorgio Modoni', email: 'modogio@gmail.com' },
17 silly publish   homepage: 'https://github.com/gimox/node-startinfo',
17 silly publish   main: './lib/main',
17 silly publish   repository: { type: 'git', url: 'https://github.com/gimox/node-startinfo' },
17 silly publish   bugs: { url: 'https://github.com/gimox/node-startinfo/issues' },
17 silly publish   dependencies: { 'simple-node-info': '0.0.x' },
17 silly publish   devDependencies: {},
17 silly publish   scripts: { test: './node_modules/mocha/bin/mocha' },
17 silly publish   keywords: [ 'startinfo', 'info', 'routes' ],
17 silly publish   license: 'MIT',
17 silly publish   readme: '# nodejs startinfo\n\n\n\n- set server onListening and error events\n\n- display app info\n\n- add error on start server\n\n\nUsage\n-------------\nAfter configuring and starting server you can call this function.\n\nExample using Express, file ./bin/wwww\n\n\n```js\n\nvar app = require(\'../app\')\n    , debug = require(\'debug\')(\'flux:server\')\n    , http = require(\'http\')\n    , port = parseInt(process.env.PORT, 10) || 3001\n    , server = http.createServer(app)\n    , start = require(\'node-startinfo\')\n    , server = http.createServer(app);\n\n server.listen(port);\n start.displayError(server); // display start info\n start.displayInfo(server); // dispaly error\n\n```\n\n\n\n\nThis is a screenshot of start info console\n-------------\n\n      Application name : myapp\n      Project version  : 0.0.1\n      Server name      : vagrant-ubuntu-trusty-64\n      Ip               : 10.0.2.15,192.168.0.3,192.168.1.99\n      Port             : 8080\n      NodeJs version   : v0.10.35\n      ProcessID        : 9560\n',
17 silly publish   readmeFilename: 'README.md',
17 silly publish   gitHead: 'ade5a2e7cbe1f4a3ed0e7474dd56b1fe8d49e06e',
17 silly publish   _id: 'node-startinfo@0.0.3',
17 silly publish   _shasum: '260f1e4d4b15c806ba0d2d67c9dfd33e3597faae',
17 silly publish   _from: '.' }
18 silly mapToRegistry name node-startinfo
19 silly mapToRegistry using default registry
20 silly mapToRegistry registry https://registry.npmjs.org/
21 silly mapToRegistry uri https://registry.npmjs.org/node-startinfo
22 verbose publish registryBase https://registry.npmjs.org/
23 silly publish uploading /Users/gx/.npm/node-startinfo/0.0.3/package.tgz
24 verbose request uri https://registry.npmjs.org/node-startinfo
25 verbose request sending authorization for write operation
26 info attempt registry request try #1 at 09:38:49
27 verbose request id 0f824e089e4fcbd6
28 http request PUT https://registry.npmjs.org/node-startinfo
29 http 403 https://registry.npmjs.org/node-startinfo
30 verbose headers { date: 'Tue, 17 Feb 2015 08:38:50 GMT',
30 verbose headers   server: 'CouchDB/1.5.0 (Erlang OTP/R16B03)',
30 verbose headers   'content-type': 'application/json',
30 verbose headers   'cache-control': 'max-age=60',
30 verbose headers   'content-length': '3636',
30 verbose headers   'accept-ranges': 'bytes',
30 verbose headers   via: '1.1 varnish',
30 verbose headers   'x-served-by': 'cache-fra1243-FRA',
30 verbose headers   'x-cache': 'MISS',
30 verbose headers   'x-cache-hits': '0',
30 verbose headers   'x-timer': 'S1424162329.756549,VS0,VE826',
30 verbose headers   'keep-alive': 'timeout=10, max=50',
30 verbose headers   connection: 'Keep-Alive' }
31 verbose request invalidating /Users/gx/.npm/registry.npmjs.org/node-startinfo on PUT
32 error publish Failed PUT 403
33 verbose stack Error: forbidden cannot modify pre-existing version: 0.0.3
33 verbose stack old={"name":"node-startinfo","description":"Useful info when starting project","version":"0.0.3","author":{"name":"Giorgio Modoni","email":"modogio@gmail.com"},"homepage":"https://github.com/gimox/node-startinfo","main":"./lib/main","repository":{"type":"git","url":"https://github.com/gimox/node-startinfo"},"bugs":{"url":"https://github.com/gimox/node-startinfo/issues"},"dependencies":{"simple-node-info":"0.0.x"},"devDependencies":{},"scripts":{"test":"./node_modules/mocha/bin/mocha"},"keywords":["startinfo","info","routes"],"license":"MIT","gitHead":"ade5a2e7cbe1f4a3ed0e7474dd56b1fe8d49e06e","_id":"node-startinfo@0.0.3","_shasum":"260f1e4d4b15c806ba0d2d67c9dfd33e3597faae","_from":".","_npmVersion":"2.1.18","_nodeVersion":"0.10.33","_npmUser":{"name":"gimox","email":"modogio@gmail.com"},"maintainers":[{"name":"gimox","email":"modogio@gmail.com"}],"dist":{"shasum":"260f1e4d4b15c806ba0d2d67c9dfd33e3597faae","tarball":"http://registry.npmjs.org/node-startinfo/-/node-startinfo-0.0.3.tgz"}}
33 verbose stack new={"name":"node-startinfo","description":"Useful info when starting project","version":"0.0.3","author":{"name":"Giorgio Modoni","email":"modogio@gmail.com"},"homepage":"https://github.com/gimox/node-startinfo","main":"./lib/main","repository":{"type":"git","url":"https://github.com/gimox/node-startinfo"},"bugs":{"url":"https://github.com/gimox/node-startinfo/issues"},"dependencies":{"simple-node-info":"0.0.x"},"devDependencies":{},"scripts":{"test":"./node_modules/mocha/bin/mocha"},"keywords":["startinfo","info","routes"],"license":"MIT","readme":"# nodejs startinfo\u000a\u000a\u000a\u000a- set server onListening and error events\u000a\u000a- display app info\u000a\u000a- add error on start server\u000a\u000a\u000aUsage\u000a-------------\u000aAfter configuring and starting server you can call this function.\u000a\u000aExample using Express, file ./bin/wwww\u000a\u000a\u000a```js\u000a\u000avar app = require('../app')\u000a    , debug = require('debug')('flux:server')\u000a    , http = require('http')\u000a    , port = parseInt(process.env.PORT, 10) || 3001\u000a    , server = http.createServer(app)\u000a    , start = require('node-startinfo')\u000a    , server = http.createServer(app);\u000a\u000a server.listen(port);\u000a start.displayError(server); // display start info\u000a start.displayInfo(server); // dispaly error\u000a\u000a```\u000a\u000a\u000a\u000a\u000aThis is a screenshot of start info console\u000a-------------\u000a\u000a      Application name : myapp\u000a      Project version  : 0.0.1\u000a      Server name      : vagrant-ubuntu-trusty-64\u000a      Ip               : 10.0.2.15,192.168.0.3,192.168.1.99\u000a      Port             : 8080\u000a      NodeJs version   : v0.10.35\u000a      ProcessID        : 9560\u000a","readmeFilename":"README.md","gitHead":"ade5a2e7cbe1f4a3ed0e7474dd56b1fe8d49e06e","_id":"node-startinfo@0.0.3","_shasum":"260f1e4d4b15c806ba0d2d67c9dfd33e3597faae","_from":".","_npmVersion":"2.1.18","_nodeVersion":"0.10.33","_npmUser":{"name":"gimox","email":"modogio@gmail.com"},"maintainers":[{"name":"gimox","email":"modogio@gmail.com"}],"dist":{"shasum":"260f1e4d4b15c806ba0d2d67c9dfd33e3597faae","tarball":"http://registry.npmjs.org/node-startinfo/-/node-startinfo-0.0.3.tgz"}}: node-startinfo
33 verbose stack     at CachingRegistryClient.<anonymous> (/usr/local/lib/node_modules/npm/node_modules/npm-registry-client/lib/request.js:244:14)
33 verbose stack     at Request._callback (/usr/local/lib/node_modules/npm/node_modules/npm-registry-client/lib/request.js:172:14)
33 verbose stack     at Request.self.callback (/usr/local/lib/node_modules/npm/node_modules/request/request.js:373:22)
33 verbose stack     at Request.emit (events.js:98:17)
33 verbose stack     at Request.<anonymous> (/usr/local/lib/node_modules/npm/node_modules/request/request.js:1318:14)
33 verbose stack     at Request.emit (events.js:117:20)
33 verbose stack     at IncomingMessage.<anonymous> (/usr/local/lib/node_modules/npm/node_modules/request/request.js:1266:12)
33 verbose stack     at IncomingMessage.emit (events.js:117:20)
33 verbose stack     at _stream_readable.js:943:16
33 verbose stack     at process._tickCallback (node.js:419:13)
34 verbose statusCode 403
35 verbose pkgid node-startinfo
36 verbose cwd /Users/gx/Development/node-startinfo
37 error Darwin 14.1.0
38 error argv "node" "/usr/local/bin/npm" "publish"
39 error node v0.10.33
40 error npm  v2.1.18
41 error code E403
42 error forbidden cannot modify pre-existing version: 0.0.3
42 error old={"name":"node-startinfo","description":"Useful info when starting project","version":"0.0.3","author":{"name":"Giorgio Modoni","email":"modogio@gmail.com"},"homepage":"https://github.com/gimox/node-startinfo","main":"./lib/main","repository":{"type":"git","url":"https://github.com/gimox/node-startinfo"},"bugs":{"url":"https://github.com/gimox/node-startinfo/issues"},"dependencies":{"simple-node-info":"0.0.x"},"devDependencies":{},"scripts":{"test":"./node_modules/mocha/bin/mocha"},"keywords":["startinfo","info","routes"],"license":"MIT","gitHead":"ade5a2e7cbe1f4a3ed0e7474dd56b1fe8d49e06e","_id":"node-startinfo@0.0.3","_shasum":"260f1e4d4b15c806ba0d2d67c9dfd33e3597faae","_from":".","_npmVersion":"2.1.18","_nodeVersion":"0.10.33","_npmUser":{"name":"gimox","email":"modogio@gmail.com"},"maintainers":[{"name":"gimox","email":"modogio@gmail.com"}],"dist":{"shasum":"260f1e4d4b15c806ba0d2d67c9dfd33e3597faae","tarball":"http://registry.npmjs.org/node-startinfo/-/node-startinfo-0.0.3.tgz"}}
42 error new={"name":"node-startinfo","description":"Useful info when starting project","version":"0.0.3","author":{"name":"Giorgio Modoni","email":"modogio@gmail.com"},"homepage":"https://github.com/gimox/node-startinfo","main":"./lib/main","repository":{"type":"git","url":"https://github.com/gimox/node-startinfo"},"bugs":{"url":"https://github.com/gimox/node-startinfo/issues"},"dependencies":{"simple-node-info":"0.0.x"},"devDependencies":{},"scripts":{"test":"./node_modules/mocha/bin/mocha"},"keywords":["startinfo","info","routes"],"license":"MIT","readme":"# nodejs startinfo\u000a\u000a\u000a\u000a- set server onListening and error events\u000a\u000a- display app info\u000a\u000a- add error on start server\u000a\u000a\u000aUsage\u000a-------------\u000aAfter configuring and starting server you can call this function.\u000a\u000aExample using Express, file ./bin/wwww\u000a\u000a\u000a```js\u000a\u000avar app = require('../app')\u000a    , debug = require('debug')('flux:server')\u000a    , http = require('http')\u000a    , port = parseInt(process.env.PORT, 10) || 3001\u000a    , server = http.createServer(app)\u000a    , start = require('node-startinfo')\u000a    , server = http.createServer(app);\u000a\u000a server.listen(port);\u000a start.displayError(server); // display start info\u000a start.displayInfo(server); // dispaly error\u000a\u000a```\u000a\u000a\u000a\u000a\u000aThis is a screenshot of start info console\u000a-------------\u000a\u000a      Application name : myapp\u000a      Project version  : 0.0.1\u000a      Server name      : vagrant-ubuntu-trusty-64\u000a      Ip               : 10.0.2.15,192.168.0.3,192.168.1.99\u000a      Port             : 8080\u000a      NodeJs version   : v0.10.35\u000a      ProcessID        : 9560\u000a","readmeFilename":"README.md","gitHead":"ade5a2e7cbe1f4a3ed0e7474dd56b1fe8d49e06e","_id":"node-startinfo@0.0.3","_shasum":"260f1e4d4b15c806ba0d2d67c9dfd33e3597faae","_from":".","_npmVersion":"2.1.18","_nodeVersion":"0.10.33","_npmUser":{"name":"gimox","email":"modogio@gmail.com"},"maintainers":[{"name":"gimox","email":"modogio@gmail.com"}],"dist":{"shasum":"260f1e4d4b15c806ba0d2d67c9dfd33e3597faae","tarball":"http://registry.npmjs.org/node-startinfo/-/node-startinfo-0.0.3.tgz"}}: node-startinfo
43 error If you need help, you may report this error at:
43 error     <http://github.com/npm/npm/issues>
44 verbose exit [ 1, true ]
